c[?7l[2J[0mSeaBIOS (version rel-1.15.0-0-g2dd4b9b3f840-prebuilt.qemu.org)


iPXE (http://ipxe.org) 00:03.0 CA00 PCI2.10 PnP PMM+07F914E0+07EF14E0 CA00
Press Ctrl-B to configure iPXE (PCI 00:03.0)...                                                                               


Booting from Hard Disk..(THU.CST) os is loading ...

Special kernel symbols:
  entry  0xc0100036 (phys)
  etext  0xc0105c60 (phys)
  edata  0xc011c000 (phys)
  end    0xc011cf28 (phys)
Kernel executable memory footprint: 116KB
ebp:0xc0118f48 eip:0xc0100ac5 args:0x00010094 0x00010094 0xc0118f78 0xc01000b9 
    kern/debug/kdebug.c:308: print_stackframe+25
ebp:0xc0118f58 eip:0xc0100dd9 args:0x00000000 0x00000000 0x00000000 0xc0118fc8 
    kern/debug/kmonitor.c:129: mon_backtrace+14
ebp:0xc0118f78 eip:0xc01000b9 args:0x00000000 0xc0118fa0 0xffff0000 0xc0118fa4 
    kern/init/init.c:48: grade_backtrace2+23
ebp:0xc0118f98 eip:0xc01000df args:0x00000000 0xffff0000 0xc0118fc4 0x0000002a 
    kern/init/init.c:53: grade_backtrace1+31
ebp:0xc0118fb8 eip:0xc0100100 args:0x00000000 0xc0100036 0xffff0000 0xc0100079 
    kern/init/init.c:58: grade_backtrace0+23
ebp:0xc0118fd8 eip:0xc0100125 args:0x00000000 0x00000000 0x00000000 0xc0105c60 
    kern/init/init.c:63: grade_backtrace+30
ebp:0xc0118ff8 eip:0xc0100086 args:0xc0105e5c 0xc0105e64 0xc0100d56 0xc0105e83 
    kern/init/init.c:28: kern_init+79
memory management: default_pmm_manager
e820map:
  memory: 0009fc00, [00000000, 0009fbff], type = 1.
  memory: 00000400, [0009fc00, 0009ffff], type = 2.
  memory: 00010000, [000f0000, 000fffff], type = 2.
  memory: 07ee0000, [00100000, 07fdffff], type = 1.
  memory: 00020000, [07fe0000, 07ffffff], type = 2.
  memory: 00040000, [fffc0000, ffffffff], type = 2.
check_alloc_page() succeeded!
check_pgdir() succeeded!
check_boot_pgdir() succeeded!
-------------------- BEGIN --------------------
PDE(0e0) c0000000-f8000000 38000000 urw
  |-- PTE(38000) c0000000-f8000000 38000000 -rw
PDE(001) fac00000-fb000000 00400000 -rw
  |-- PTE(000e0) faf00000-fafe0000 000e0000 urw
  |-- PTE(00001) fafeb000-fafec000 00001000 -rw
--------------------- END ---------------------
++ setup timer interrupts
100 ticks
End of Test.
kernel panic at kern/trap/trap.c:18:
    EOT: kernel seems ok.
stack trackback:
ebp:0xc0118f10 eip:0xc0100ac5 args:0xc01069f5 0xc0118f74 0xc0118f3c 0xc0118f44 
    kern/debug/kdebug.c:308: print_stackframe+25
ebp:0xc0118f30 eip:0xc0100486 args:0xc0105fee 0x00000012 0xc0105fd8 0x00010094 
    kern/debug/panic.c:27: __panic+111
ebp:0xc0118f50 eip:0xc01019c8 args:0xc0105f8d 0xc0118fb4 0x00000000 0x00000400 
    kern/trap/trap.c:0: print_ticks+63
ebp:0xc0118f70 eip:0xc0101e36 args:0xc0118f9c 0xc01002ba 0xc0105f72 0xc0118fb4 
    kern/trap/trap.c:158: trap_dispatch+133
ebp:0xc0118f90 eip:0xc0101eec args:0xc0118f9c 0x0000807c 0x00010094 0xc0118ff8 
    kern/trap/trap.c:195: trap+20
ebp:0xc0118ff8 eip:0xc0102978 args:0xc0105e5c 0xc0105e64 0xc0100d56 0xc0105e83 
    kern/trap/trapentry.S:24: <unknown>+0
Welcome to the kernel debug monitor!!
Type 'help' for a list of commands.
K> 